Arguments: 
  C:\Program Files\nodejs\node.exe C:\Program Files (x86)\Yarn\bin\yarn.js add plop

PATH: 
  C:\WINDOWS\system32;C:\WINDOWS;C:\WINDOWS\System32\Wbem;C:\WINDOWS\System32\WindowsPowerShell\v1.0\;C:\WINDOWS\System32\OpenSSH\;C:\Program Files\nodejs\;C:\Program Files\Git\cmd;C:\Program Files (x86)\Yarn\bin\;C:\Users\pushkarv\AppData\Local\Microsoft\WindowsApps;;C:\Users\pushkarv\AppData\Local\Programs\Microsoft VS Code\bin;C:\Users\pushkarv\AppData\Roaming\npm;C:\Users\pushkarv\AppData\Local\Yarn\bin

Yarn version: 
  1.22.5

Node version: 
  12.19.0

Platform: 
  win32 x64

Trace: 
  SyntaxError: D:\work\plop\my_plop\package.json: Unexpected token } in JSON at position 205
      at JSON.parse (<anonymous>)
      at C:\Program Files (x86)\Yarn\lib\cli.js:1625:59
      at Generator.next (<anonymous>)
      at step (C:\Program Files (x86)\Yarn\lib\cli.js:310:30)
      at C:\Program Files (x86)\Yarn\lib\cli.js:321:13

npm manifest: 
  {
    "name": "plop-generator",
    "version": "1.0.0",
    "description": "plop generator",
    "main": "index.js",
    "scripts": {
      "test": "echo \"Error: no test specified\" && exit 1",
      "plop": "plop",
    },
    "repository": {
      "type": "git",
      "url": "git+https://github.com/v-pushkar/plop-generator.git"
    },
    "author": "vp",
    "license": "ISC",
    "bugs": {
      "url": "https://github.com/v-pushkar/plop-generator/issues"
    },
    "homepage": "https://github.com/v-pushkar/plop-generator#readme",
    "devDependencies": {
      "plop": "^2.7.4"
    }
  }

yarn manifest: 
  No manifest

Lockfile: 
  No lockfile
